294
PAINT_LINE 25 4 26 4
PAINT_LINE 9 5 11 5
PAINT_LINE 13 5 14 5
PAINT_LINE 25 5 26 5
PAINT_LINE 9 6 11 6
PAINT_LINE 13 6 14 6
PAINT_LINE 25 6 26 6
PAINT_LINE 9 7 11 7
PAINT_LINE 13 7 14 7
PAINT_LINE 25 7 26 7
PAINT_LINE 9 8 11 8
PAINT_LINE 13 8 14 8
PAINT_LINE 25 8 26 8
PAINT_LINE 11 9 12 9
PAINT_LINE 25 9 26 9
PAINT_LINE 11 10 12 10
PAINT_LINE 23 10 26 10
PAINT_LINE 11 11 13 11
PAINT_LINE 22 11 26 11
PAINT_LINE 11 12 13 12
PAINT_LINE 22 12 26 12
PAINT_LINE 5 13 8 13
PAINT_LINE 11 13 12 13
PAINT_LINE 22 13 26 13
PAINT_LINE 5 14 8 14
PAINT_LINE 11 14 12 14
PAINT_LINE 22 14 26 14
PAINT_LINE 5 15 8 15
PAINT_LINE 11 15 12 15
PAINT_LINE 22 15 26 15
PAINT_LINE 5 16 9 16
PAINT_LINE 11 16 12 16
PAINT_LINE 22 16 26 16
PAINT_LINE 9 17 11 17
PAINT_LINE 22 17 26 17
PAINT_LINE 9 18 11 18
PAINT_LINE 22 18 26 18
PAINT_LINE 9 19 11 19
PAINT_LINE 22 19 26 19
PAINT_LINE 9 20 11 20
PAINT_LINE 22 20 27 20
PAINT_LINE 9 21 31 21
PAINT_LINE 9 22 31 22
PAINT_LINE 9 23 31 23
PAINT_LINE 9 24 31 24
PAINT_LINE 9 25 31 25
PAINT_LINE 9 26 31 26
PAINT_LINE 9 27 31 27
PAINT_LINE 9 28 31 28
PAINT_LINE 9 29 31 29
PAINT_LINE 9 30 31 30
PAINT_LINE 9 31 31 31
PAINT_LINE 9 32 31 32
PAINT_LINE 9 33 31 33
PAINT_LINE 9 34 31 34
PAINT_LINE 9 35 31 35
PAINT_LINE 9 36 31 36
PAINT_LINE 9 37 31 37
PAINT_LINE 9 38 31 38
PAINT_LINE 9 39 31 39
PAINT_LINE 9 40 31 40
PAINT_LINE 9 41 31 41
PAINT_LINE 9 42 31 42
PAINT_LINE 9 43 31 43
PAINT_LINE 9 44 13 44
PAINT_LINE 25 44 31 44
PAINT_LINE 9 45 13 45
PAINT_LINE 25 45 31 45
PAINT_LINE 9 46 13 46
PAINT_LINE 25 46 31 46
PAINT_LINE 9 47 13 47
PAINT_LINE 25 47 31 47
PAINT_LINE 9 48 13 48
PAINT_LINE 25 48 31 48
PAINT_LINE 9 49 13 49
PAINT_LINE 25 49 31 49
PAINT_LINE 9 50 13 50
PAINT_LINE 25 50 31 50
PAINT_LINE 9 51 13 51
PAINT_LINE 18 51 19 51
PAINT_LINE 25 51 31 51
PAINT_LINE 9 52 13 52
PAINT_LINE 17 52 20 52
PAINT_LINE 25 52 31 52
PAINT_LINE 9 53 13 53
PAINT_LINE 17 53 20 53
PAINT_LINE 25 53 31 53
PAINT_LINE 9 54 13 54
PAINT_LINE 17 54 20 54
PAINT_LINE 25 54 31 54
PAINT_LINE 9 55 13 55
PAINT_LINE 17 55 20 55
PAINT_LINE 25 55 31 55
PAINT_LINE 9 56 13 56
PAINT_LINE 17 56 20 56
PAINT_LINE 25 56 31 56
PAINT_LINE 9 57 13 57
PAINT_LINE 17 57 20 57
PAINT_LINE 25 57 31 57
PAINT_LINE 10 58 12 58
PAINT_LINE 17 58 20 58
PAINT_LINE 25 58 31 58
PAINT_LINE 17 59 20 59
PAINT_LINE 25 59 31 59
PAINT_LINE 17 60 20 60
PAINT_LINE 25 60 31 60
PAINT_LINE 17 61 20 61
PAINT_LINE 25 61 31 61
PAINT_LINE 17 62 20 62
PAINT_LINE 25 62 31 62
PAINT_LINE 17 63 20 63
PAINT_LINE 24 63 31 63
PAINT_LINE 13 64 24 64
PAINT_LINE 13 65 24 65
PAINT_LINE 13 66 24 66
PAINT_LINE 13 67 24 67
PAINT_LINE 13 68 24 68
PAINT_LINE 13 69 24 69
PAINT_LINE 13 70 24 70
PAINT_LINE 13 71 24 71
PAINT_LINE 13 72 24 72
PAINT_LINE 13 73 24 73
PAINT_LINE 13 74 24 74
PAINT_LINE 8 75 8 75
PAINT_LINE 13 75 24 75
PAINT_LINE 7 76 8 76
PAINT_LINE 13 76 24 76
PAINT_LINE 7 77 8 77
PAINT_LINE 13 77 24 77
PAINT_LINE 7 78 8 78
PAINT_LINE 13 78 24 78
PAINT_LINE 7 79 8 79
PAINT_LINE 13 79 24 79
PAINT_LINE 7 80 8 80
PAINT_LINE 13 80 24 80
PAINT_LINE 7 81 8 81
PAINT_LINE 13 81 24 81
PAINT_LINE 7 82 8 82
PAINT_LINE 13 82 24 82
PAINT_LINE 8 83 8 83
PAINT_LINE 13 83 24 83
PAINT_LINE 13 84 24 84
PAINT_LINE 13 85 24 85
PAINT_LINE 13 86 24 86
PAINT_LINE 13 87 24 87
PAINT_LINE 12 91 12 91
PAINT_LINE 11 92 12 92
PAINT_LINE 11 93 13 93
PAINT_LINE 11 94 13 94
PAINT_LINE 12 95 12 95
PAINT_LINE 14 96 24 96
PAINT_LINE 14 97 24 97
PAINT_LINE 14 98 24 98
PAINT_LINE 14 99 24 99
PAINT_LINE 14 100 24 100
PAINT_LINE 14 101 24 101
PAINT_LINE 14 102 24 102
PAINT_LINE 14 103 24 103
PAINT_LINE 14 104 24 104
PAINT_LINE 14 105 24 105
PAINT_LINE 27 105 28 105
PAINT_LINE 14 106 24 106
PAINT_LINE 27 106 28 106
PAINT_LINE 14 107 24 107
PAINT_LINE 27 107 28 107
PAINT_LINE 14 108 24 108
PAINT_LINE 27 108 28 108
PAINT_LINE 14 109 28 109
PAINT_LINE 14 110 28 110
PAINT_LINE 14 111 28 111
PAINT_LINE 14 112 28 112
PAINT_LINE 14 113 24 113
PAINT_LINE 29 113 32 113
PAINT_LINE 14 114 24 114
PAINT_LINE 29 114 32 114
PAINT_LINE 14 115 24 115
PAINT_LINE 29 115 32 115
PAINT_LINE 14 116 23 116
PAINT_LINE 29 116 32 116
PAINT_LINE 9 117 21 117
PAINT_LINE 9 118 21 118
PAINT_LINE 9 119 21 119
PAINT_LINE 9 120 21 120
PAINT_LINE 9 121 21 121
PAINT_LINE 9 122 21 122
PAINT_LINE 9 123 21 123
PAINT_LINE 25 123 29 123
PAINT_LINE 9 124 21 124
PAINT_LINE 25 124 29 124
PAINT_LINE 9 125 21 125
PAINT_LINE 25 125 29 125
PAINT_LINE 9 126 21 126
PAINT_LINE 25 126 29 126
PAINT_LINE 9 127 21 127
PAINT_LINE 25 127 29 127
PAINT_LINE 9 128 21 128
PAINT_LINE 25 128 29 128
PAINT_LINE 9 129 21 129
PAINT_LINE 25 129 29 129
PAINT_LINE 9 130 21 130
PAINT_LINE 25 130 29 130
PAINT_LINE 9 131 21 131
PAINT_LINE 25 131 29 131
PAINT_LINE 9 132 21 132
PAINT_LINE 25 132 29 132
PAINT_LINE 9 133 21 133
PAINT_LINE 25 133 29 133
PAINT_LINE 9 134 21 134
PAINT_LINE 25 134 29 134
PAINT_LINE 9 135 21 135
PAINT_LINE 25 135 29 135
PAINT_LINE 9 136 21 136
PAINT_LINE 25 136 29 136
PAINT_LINE 9 137 21 137
PAINT_LINE 25 137 29 137
PAINT_LINE 9 138 21 138
PAINT_LINE 25 138 29 138
PAINT_LINE 9 139 21 139
PAINT_LINE 25 139 29 139
PAINT_LINE 9 140 29 140
PAINT_LINE 9 141 29 141
PAINT_LINE 9 142 29 142
PAINT_LINE 9 143 29 143
PAINT_LINE 9 144 29 144
PAINT_LINE 9 145 29 145
PAINT_LINE 9 146 29 146
PAINT_LINE 9 147 29 147
PAINT_LINE 9 148 29 148
PAINT_LINE 9 149 29 149
PAINT_LINE 5 156 24 156
PAINT_LINE 5 157 24 157
PAINT_LINE 5 158 24 158
PAINT_LINE 5 159 24 159
PAINT_LINE 5 160 24 160
PAINT_LINE 5 161 24 161
PAINT_LINE 5 162 24 162
PAINT_LINE 5 163 24 163
PAINT_LINE 5 164 24 164
PAINT_LINE 5 165 24 165
PAINT_LINE 5 166 24 166
PAINT_LINE 29 169 36 169
PAINT_LINE 29 170 36 170
PAINT_LINE 29 171 36 171
PAINT_LINE 29 172 36 172
PAINT_LINE 14 173 18 173
PAINT_LINE 25 173 29 173
PAINT_LINE 33 173 34 173
PAINT_LINE 13 174 18 174
PAINT_LINE 25 174 29 174
PAINT_LINE 13 175 18 175
PAINT_LINE 25 175 29 175
PAINT_LINE 13 176 18 176
PAINT_LINE 25 176 29 176
PAINT_LINE 13 177 18 177
PAINT_LINE 25 177 29 177
PAINT_LINE 13 178 18 178
PAINT_LINE 25 178 29 178
PAINT_LINE 13 179 18 179
PAINT_LINE 25 179 29 179
PAINT_LINE 13 180 18 180
PAINT_LINE 25 180 29 180
PAINT_LINE 13 181 18 181
PAINT_LINE 25 181 29 181
PAINT_LINE 13 182 18 182
PAINT_LINE 25 182 29 182
PAINT_LINE 7 183 8 183
PAINT_LINE 13 183 18 183
PAINT_LINE 25 183 29 183
PAINT_LINE 7 184 8 184
PAINT_LINE 13 184 18 184
PAINT_LINE 25 184 29 184
PAINT_LINE 7 185 8 185
PAINT_LINE 13 185 18 185
PAINT_LINE 25 185 29 185
PAINT_LINE 7 186 8 186
PAINT_LINE 13 186 18 186
PAINT_LINE 25 186 29 186
PAINT_LINE 5 187 7 187
PAINT_LINE 13 187 18 187
PAINT_LINE 25 187 29 187
PAINT_LINE 5 188 7 188
PAINT_LINE 13 188 18 188
PAINT_LINE 25 188 29 188
PAINT_LINE 5 189 7 189
PAINT_LINE 13 189 18 189
PAINT_LINE 25 189 29 189
PAINT_LINE 5 190 7 190
PAINT_LINE 13 190 18 190
PAINT_LINE 25 190 29 190
PAINT_LINE 5 191 7 191
PAINT_LINE 25 191 28 191
PAINT_LINE 5 192 7 192
PAINT_LINE 5 193 7 193
PAINT_LINE 5 194 7 194
